<?xml version="1.0" encoding="UTF-8"?>
<testsuite xmlns:xsi="http://www.w3.org/2001/XMLSchema-instance" xsi:noNamespaceSchemaLocation="https://maven.apache.org/surefire/maven-surefire-plugin/xsd/surefire-test-report.xsd" version="3.0.2" name="com.ASHosp.AsHospApplicationTests" time="10.496" tests="1" errors="0" skipped="0" failures="0">
  <properties>
[...]
</properties>
  <testcase name="contextLoads" classname="com.ASHosp.AsHospApplicationTests" time="0.601">
    <system-out><![CDATA[13:36:15.849 [main] INFO org.springframework.test.context.support.AnnotationConfigContextLoaderUtils -- Could not detect default configuration classes for test class [com.ASHosp.AsHospApplicationTests]: AsHospApplicationTests does not declare any static, non-private, non-final, nested classes annotated with @Configuration.
13:36:16.041 [main] INFO org.springframework.boot.test.context.SpringBootTestContextBootstrapper -- Found @SpringBootConfiguration com.ASHosp.AsHospApplication for test class com.ASHosp.AsHospApplicationTests
13:36:16.286 [main] INFO org.springframework.boot.devtools.restart.RestartApplicationListener -- Restart disabled due to context in which it is running

  .   ____          _            __ _ _
 /\\ / ___'_ __ _ _(_)_ __  __ _ \ \ \ \
( ( )\___ | '_ | '_| | '_ \/ _` | \ \ \ \
 \\/  ___)| |_)| | | | | || (_| |  ) ) ) )
  '  |____| .__|_| |_|_| |_\__, | / / / /
 =========|_|==============|___/=/_/_/_/

 :: Spring Boot ::                (v3.5.0)

2025-06-20T13:36:16.808+05:30  INFO 243126 --- [ASHosp] [           main] com.ASHosp.AsHospApplicationTests        : Starting AsHospApplicationTests using Java 21.0.7 with PID 243126 (started by ashish in /media/ashish/Projects/Learning spring boot/Learning spring boot/ASHosp)
2025-06-20T13:36:16.811+05:30  INFO 243126 --- [ASHosp] [           main] com.ASHosp.AsHospApplicationTests        : No active profile set, falling back to 1 default profile: "default"
2025-06-20T13:36:18.596+05:30  INFO 243126 --- [ASHosp] [           main] .s.d.r.c.RepositoryConfigurationDelegate : Bootstrapping Spring Data JPA repositories in DEFAULT mode.
2025-06-20T13:36:18.683+05:30  INFO 243126 --- [ASHosp] [           main] .s.d.r.c.RepositoryConfigurationDelegate : Finished Spring Data repository scanning in 72 ms. Found 2 JPA repository interfaces.
2025-06-20T13:36:19.488+05:30  INFO 243126 --- [ASHosp] [           main] o.hibernate.jpa.internal.util.LogHelper  : HHH000204: Processing PersistenceUnitInfo [name: default]
2025-06-20T13:36:19.551+05:30  INFO 243126 --- [ASHosp] [           main] org.hibernate.Version                    : HHH000412: Hibernate ORM core version 6.6.15.Final
2025-06-20T13:36:19.615+05:30  INFO 243126 --- [ASHosp] [           main] o.h.c.internal.RegionFactoryInitiator    : HHH000026: Second-level cache disabled
2025-06-20T13:36:20.009+05:30  INFO 243126 --- [ASHosp] [           main] o.s.o.j.p.SpringPersistenceUnitInfo      : No LoadTimeWeaver setup: ignoring JPA class transformer
2025-06-20T13:36:20.051+05:30  INFO 243126 --- [ASHosp] [           main] com.zaxxer.hikari.HikariDataSource       : HikariPool-1 - Starting...
2025-06-20T13:36:20.626+05:30  INFO 243126 --- [ASHosp] [           main] com.zaxxer.hikari.pool.HikariPool        : HikariPool-1 - Added connection com.mysql.cj.jdbc.ConnectionImpl@6ff8e744
2025-06-20T13:36:20.630+05:30  INFO 243126 --- [ASHosp] [           main] com.zaxxer.hikari.HikariDataSource       : HikariPool-1 - Start completed.
2025-06-20T13:36:20.695+05:30  WARN 243126 --- [ASHosp] [           main] org.hibernate.orm.deprecation            : HHH90000025: MySQL8Dialect does not need to be specified explicitly using 'hibernate.dialect' (remove the property setting and it will be selected by default)
2025-06-20T13:36:20.697+05:30  WARN 243126 --- [ASHosp] [           main] org.hibernate.orm.deprecation            : HHH90000026: MySQL8Dialect has been deprecated; use org.hibernate.dialect.MySQLDialect instead
2025-06-20T13:36:20.725+05:30  INFO 243126 --- [ASHosp] [           main] org.hibernate.orm.connections.pooling    : HHH10001005: Database info:
	Database JDBC URL [Connecting through datasource 'HikariDataSource (HikariPool-1)']
	Database driver: undefined/unknown
	Database version: 8.0
	Autocommit mode: undefined/unknown
	Isolation level: undefined/unknown
	Minimum pool size: undefined/unknown
	Maximum pool size: undefined/unknown
2025-06-20T13:36:22.072+05:30  INFO 243126 --- [ASHosp] [           main] o.h.e.t.j.p.i.JtaPlatformInitiator       : HHH000489: No JTA platform available (set 'hibernate.transaction.jta.platform' to enable JTA platform integration)
2025-06-20T13:36:22.209+05:30  INFO 243126 --- [ASHosp] [           main] j.LocalContainerEntityManagerFactoryBean : Initialized JPA EntityManagerFactory for persistence unit 'default'
2025-06-20T13:36:22.676+05:30  INFO 243126 --- [ASHosp] [           main] o.s.d.j.r.query.QueryEnhancerFactory     : Hibernate is in classpath; If applicable, HQL parser will be used.
2025-06-20T13:36:23.720+05:30  WARN 243126 --- [ASHosp] [           main] JpaBaseConfiguration$JpaWebConfiguration : spring.jpa.open-in-view is enabled by default. Therefore, database queries may be performed during view rendering. Explicitly configure spring.jpa.open-in-view to disable this warning
2025-06-20T13:36:24.236+05:30  INFO 243126 --- [ASHosp] [           main] o.s.b.a.e.web.EndpointLinksResolver      : Exposing 1 endpoint beneath base path '/actuator'
2025-06-20T13:36:24.545+05:30  INFO 243126 --- [ASHosp] [           main] r$InitializeUserDetailsManagerConfigurer : Global AuthenticationManager configured with UserDetailsService bean with name userDetailsService
2025-06-20T13:36:25.320+05:30  INFO 243126 --- [ASHosp] [           main] com.ASHosp.AsHospApplicationTests        : Started AsHospApplicationTests in 9.053 seconds (process running for 10.628)
]]></system-out>
    <system-err><![CDATA[Mockito is currently self-attaching to enable the inline-mock-maker. This will no longer work in future releases of the JDK. Please add Mockito as an agent to your build as described in Mockito's documentation: https://javadoc.io/doc/org.mockito/mockito-core/latest/org.mockito/org/mockito/Mockito.html#0.3
WARNING: A Java agent has been loaded dynamically (/home/ashish/.m2/repository/net/bytebuddy/byte-buddy-agent/1.17.5/byte-buddy-agent-1.17.5.jar)
WARNING: If a serviceability tool is in use, please run with -XX:+EnableDynamicAgentLoading to hide this warning
WARNING: If a serviceability tool is not in use, please run with -Djdk.instrument.traceUsage for more information
WARNING: Dynamic loading of agents will be disallowed by default in a future release
]]></system-err>
  </testcase>
</testsuite>